
/home/runner/work/exp-protein-ligand-spr-iitkgp/exp-protein-ligand-spr-iitkgp/experiment/simulation/js/main.js
     8:10  warning  'start' is defined but never used                 no-unused-vars
    15:10  warning  'restartexp' is defined but never used            no-unused-vars
    23:10  warning  'cleanwithmilliq' is defined but never used       no-unused-vars
    24:3   warning  '$' is not defined                                no-undef
    25:3   warning  '$' is not defined                                no-undef
    32:10  warning  'cancelmsg' is defined but never used             no-unused-vars
    38:10  warning  'cancelmsg1' is defined but never used            no-unused-vars
    66:10  warning  'openschipdoor' is defined but never used         no-unused-vars
    87:10  warning  'insertchip' is defined but never used            no-unused-vars
   116:10  warning  'primebuffer' is defined but never used           no-unused-vars
   118:3   warning  '$' is not defined                                no-undef
   119:3   warning  '$' is not defined                                no-undef
   133:3   warning  '$' is not defined                                no-undef
   134:3   warning  '$' is not defined                                no-undef
   141:10  warning  'prepedcnhs' is defined but never used            no-unused-vars
   156:5   warning  '$' is not defined                                no-undef
   157:3   warning  '$' is not defined                                no-undef
   160:5   warning  '$' is not defined                                no-undef
   161:5   warning  '$' is not defined                                no-undef
   167:10  warning  'sampleprep' is defined but never used            no-unused-vars
   183:3   warning  '$' is not defined                                no-undef
   184:3   warning  '$' is not defined                                no-undef
   188:5   warning  '$' is not defined                                no-undef
   189:5   warning  '$' is not defined                                no-undef
   195:10  warning  'ethacheckbox' is defined but never used          no-unused-vars
   208:5   warning  '$' is not defined                                no-undef
   209:3   warning  '$' is not defined                                no-undef
   212:5   warning  '$' is not defined                                no-undef
   213:5   warning  '$' is not defined                                no-undef
   236:10  warning  'openstraytpdoor' is defined but never used       no-unused-vars
   260:10  warning  'openrack' is defined but never used              no-unused-vars
   291:10  warning  'sampletrayinsert' is defined but never used      no-unused-vars
   321:10  warning  'injectrack' is defined but never used            no-unused-vars
   346:10  warning  'ligandrun' is defined but never used             no-unused-vars
   365:25  warning  'posy' is defined but never used                  no-unused-vars
   381:5   warning  'posy' is not defined                             no-undef
   382:5   warning  'posy' is not defined                             no-undef
   384:9   warning  'posy' is not defined                             no-undef
   384:21  warning  'posy' is not defined                             no-undef
   387:12  warning  'posy' is not defined                             no-undef
   395:5   warning  'cancelani' is not defined                        no-undef
   427:2   warning  '$' is not defined                                no-undef
   428:3   warning  '$' is not defined                                no-undef
   437:10  warning  'ligandmove' is defined but never used            no-unused-vars
   445:3   warning  'lg1img' is not defined                           no-undef
   446:3   warning  'lg2img' is not defined                           no-undef
   447:3   warning  'lg3img' is not defined                           no-undef
   448:3   warning  'lg4img' is not defined                           no-undef
   449:3   warning  'lg5img' is not defined                           no-undef
   482:7   warning  'lg1img' is not defined                           no-undef
   501:7   warning  'lg1img' is not defined                           no-undef
   518:7   warning  'lg2img' is not defined                           no-undef
   537:7   warning  'lg2img' is not defined                           no-undef
   558:7   warning  'lg3img' is not defined                           no-undef
   577:7   warning  'lg3img' is not defined                           no-undef
   598:7   warning  'lg4img' is not defined                           no-undef
   617:7   warning  'lg4img' is not defined                           no-undef
   638:7   warning  'lg5img' is not defined                           no-undef
   657:7   warning  'lg5img' is not defined                           no-undef
   685:10  warning  'openstraytpdoor1' is defined but never used      no-unused-vars
   704:10  warning  'ejectsampletray' is defined but never used       no-unused-vars
   719:10  warning  'removeedcnhssamples' is defined but never used   no-unused-vars
   730:3   warning  '$' is not defined                                no-undef
   731:3   warning  '$' is not defined                                no-undef
   736:10  warning  'analytesampleprep' is defined but never used     no-unused-vars
   748:5   warning  '$' is not defined                                no-undef
   749:5   warning  '$' is not defined                                no-undef
   759:18  warning  'trayoutimg1' is assigned a value but never used  no-unused-vars
   760:10  warning  'opentray' is defined but never used              no-unused-vars
   803:10  warning  'sampletubeinsert1' is defined but never used     no-unused-vars
   811:10  warning  'injecttray' is defined but never used            no-unused-vars
   829:10  warning  'runinteraction' is defined but never used        no-unused-vars
   843:25  warning  'posy' is defined but never used                  no-unused-vars
   859:5   warning  'posy' is not defined                             no-undef
   860:5   warning  'posy' is not defined                             no-undef
   862:9   warning  'posy' is not defined                             no-undef
   862:21  warning  'posy' is not defined                             no-undef
   865:12  warning  'posy' is not defined                             no-undef
   873:5   warning  'cancelani' is not defined                        no-undef
   905:3   warning  '$' is not defined                                no-undef
   906:3   warning  '$' is not defined                                no-undef
   919:10  warning  'samplemove' is defined but never used            no-unused-vars
   934:3   warning  'anl1img' is not defined                          no-undef
   935:3   warning  'anl2img' is not defined                          no-undef
   936:3   warning  'anl3img' is not defined                          no-undef
   937:3   warning  'anl4img' is not defined                          no-undef
   938:3   warning  'anl5img' is not defined                          no-undef
   973:7   warning  'anl1img' is not defined                          no-undef
   991:7   warning  'anl1img' is not defined                          no-undef
  1009:7   warning  'anl2img' is not defined                          no-undef
  1024:7   warning  'anl2img' is not defined                          no-undef
  1044:7   warning  'anl3img' is not defined                          no-undef
  1062:7   warning  'anl3img' is not defined                          no-undef
  1084:5   warning  'anl4img' is not defined                          no-undef
  1102:5   warning  'anl4img' is not defined                          no-undef
  1123:5   warning  'anl5img' is not defined                          no-undef
  1141:5   warning  'anl5img' is not defined                          no-undef
  1156:10  warning  'addbuffer' is defined but never used             no-unused-vars
  1157:3   warning  '$' is not defined                                no-undef
  1158:3   warning  '$' is not defined                                no-undef
  1194:9   warning  'cancelani' is not defined                        no-undef
  1198:7   warning  'clearcanvas2' is not defined                     no-undef
  1234:9   warning  'cancelani' is not defined                        no-undef
  1238:7   warning  'clearcanvas3' is not defined                     no-undef
  1244:17  warning  'clearcanvas3' is not defined                     no-undef
  1263:3   warning  'imganlb4' is not defined                         no-undef
  1347:21  warning  'imganlb4' is not defined                         no-undef
  1348:7   warning  'imganlb4' is not defined                         no-undef
  1365:21  warning  'imganlb4' is not defined                         no-undef
  1418:9   warning  'cancelani' is not defined                        no-undef
  1422:7   warning  'clearcanvas4' is not defined                     no-undef
  1461:11  warning  'cancelani' is not defined                        no-undef
  1464:9   warning  'clearcanvas5' is not defined                     no-undef
  1503:11  warning  'cancelani' is not defined                        no-undef
  1520:10  warning  'glycinecheckbox' is defined but never used       no-unused-vars
  1522:3   warning  '$' is not defined                                no-undef
  1523:3   warning  '$' is not defined                                no-undef
  1558:9   warning  'cancelani' is not defined                        no-undef
  1597:9   warning  'cancelani' is not defined                        no-undef
  1601:7   warning  'clearcanvas3' is not defined                     no-undef
  1606:21  warning  'clearcanvas3' is not defined                     no-undef
  1729:9   warning  'cancelani' is not defined                        no-undef
  1771:11  warning  'cancelani' is not defined                        no-undef
  1812:11  warning  'cancelani' is not defined                        no-undef
  1824:10  warning  'dataan1' is defined but never used               no-unused-vars
  1827:10  warning  'dataan2' is defined but never used               no-unused-vars

/home/runner/work/exp-protein-ligand-spr-iitkgp/exp-protein-ligand-spr-iitkgp/experiment/simulation/js/plotgraph.js
  14:2   warning  '$' is not defined         no-undef
  15:2   warning  '$' is not defined         no-undef
  26:21  warning  'XLSX' is not defined      no-undef
  33:21  warning  'XLSX' is not defined      no-undef
  65:20  warning  'CanvasJS' is not defined  no-undef
  93:4   warning  Mixed spaces and tabs      no-mixed-spaces-and-tabs

/home/runner/work/exp-protein-ligand-spr-iitkgp/exp-protein-ligand-spr-iitkgp/experiment/simulation/js/plotgraph_a.js
  13:2   warning  '$' is not defined         no-undef
  14:2   warning  '$' is not defined         no-undef
  25:21  warning  'XLSX' is not defined      no-undef
  32:21  warning  'XLSX' is not defined      no-undef
  37:3   warning  Mixed spaces and tabs      no-mixed-spaces-and-tabs
  42:3   warning  Mixed spaces and tabs      no-mixed-spaces-and-tabs
  43:3   warning  Mixed spaces and tabs      no-mixed-spaces-and-tabs
  59:20  warning  'CanvasJS' is not defined  no-undef
  70:2   warning  Mixed spaces and tabs      no-mixed-spaces-and-tabs
  96:4   warning  Mixed spaces and tabs      no-mixed-spaces-and-tabs

✖ 142 problems (0 errors, 142 warnings)

